<?xml version="1.0" encoding="UTF-8"?>
<testng-results ignored="4" total="34" passed="26" failed="4" skipped="0">
  <reporter-output>
  </reporter-output>
  <suite started-at="2024-04-25T21:34:55 IST" name="regressionsuit" finished-at="2024-04-25T21:35:11 IST" duration-ms="16726">
    <groups>
    </groups>
    <test started-at="2024-04-25T21:34:55 IST" name="ChromeTest" finished-at="2024-04-25T21:35:04 IST" duration-ms="9241">
      <class name="TestNG.tsetclass">
        <test-method is-config="true" signature="LaunchBrowser()[pri:0, instance:TestNG.tsetclass@21282ed8]" started-at="2024-04-25T21:34:55 IST" name="LaunchBrowser" finished-at="2024-04-25T21:34:59 IST" duration-ms="3744" status="PASS">
          <reporter-output>
          </reporter-output>
        </test-method> <!-- LaunchBrowser -->
        <test-method is-config="true" signature="LaunchForgoatPasswordForm()[pri:0, instance:TestNG.tsetclass@21282ed8]" started-at="2024-04-25T21:34:59 IST" name="LaunchForgoatPasswordForm" finished-at="2024-04-25T21:35:02 IST" duration-ms="3227" status="PASS">
          <reporter-output>
          </reporter-output>
        </test-method> <!-- LaunchForgoatPasswordForm -->
        <test-method signature="verifyErrorMessageWhenPasswordFunctionalityUsed()[pri:0, instance:TestNG.tsetclass@21282ed8]" started-at="2024-04-25T21:35:02 IST" name="verifyErrorMessageWhenPasswordFunctionalityUsed" finished-at="2024-04-25T21:35:02 IST" duration-ms="39" status="FAIL">
          <exception class="org.openqa.selenium.NoSuchElementException">
            <message>
              <![CDATA[no such element: Unable to locate element: {"method":"css selector","selector":"#email"}
  (Session info: chrome=123.0.6312.124)
For documentation on this error, please visit: https://www.selenium.dev/documentation/webdriver/troubleshooting/errors#no-such-element-exception
Build info: version: '4.19.1', revision: 'abe0ee07dc'
System info: os.name: 'Windows 11', os.arch: 'amd64', os.version: '10.0', java.version: '17.0.9'
Driver info: org.openqa.selenium.chrome.ChromeDriver
Command: [015e4692364b9aa1e110f026071fa315, findElement {value=email, using=id}]
Capabilities {acceptInsecureCerts: false, browserName: chrome, browserVersion: 123.0.6312.124, chrome: {chromedriverVersion: 123.0.6312.122 (31f8248cdd9..., userDataDir: C:\Users\Atul\AppData\Local...}, fedcm:accounts: true, goog:chromeOptions: {debuggerAddress: localhost:49905}, networkConnectionEnabled: false, pageLoadStrategy: normal, platformName: windows, proxy: Proxy(), se:cdp: ws://localhost:49905/devtoo..., se:cdpVersion: 123.0.6312.124, setWindowRect: true, strictFileInteractability: false, timeouts: {implicit: 0, pageLoad: 300000, script: 30000}, unhandledPromptBehavior: dismiss and notify, webauthn:extension:credBlob: true, webauthn:extension:largeBlob: true, webauthn:extension:minPinLength: true, webauthn:extension:prf: true, webauthn:virtualAuthenticators: true}
Session ID: 015e4692364b9aa1e110f026071fa315]]>
            </message>
            <full-stacktrace>
              <![CDATA[org.openqa.selenium.NoSuchElementException: no such element: Unable to locate element: {"method":"css selector","selector":"#email"}
  (Session info: chrome=123.0.6312.124)
For documentation on this error, please visit: https://www.selenium.dev/documentation/webdriver/troubleshooting/errors#no-such-element-exception
Build info: version: '4.19.1', revision: 'abe0ee07dc'
System info: os.name: 'Windows 11', os.arch: 'amd64', os.version: '10.0', java.version: '17.0.9'
Driver info: org.openqa.selenium.chrome.ChromeDriver
Command: [015e4692364b9aa1e110f026071fa315, findElement {value=email, using=id}]
Capabilities {acceptInsecureCerts: false, browserName: chrome, browserVersion: 123.0.6312.124, chrome: {chromedriverVersion: 123.0.6312.122 (31f8248cdd9..., userDataDir: C:\Users\Atul\AppData\Local...}, fedcm:accounts: true, goog:chromeOptions: {debuggerAddress: localhost:49905}, networkConnectionEnabled: false, pageLoadStrategy: normal, platformName: windows, proxy: Proxy(), se:cdp: ws://localhost:49905/devtoo..., se:cdpVersion: 123.0.6312.124, setWindowRect: true, strictFileInteractability: false, timeouts: {implicit: 0, pageLoad: 300000, script: 30000}, unhandledPromptBehavior: dismiss and notify, webauthn:extension:credBlob: true, webauthn:extension:largeBlob: true, webauthn:extension:minPinLength: true, webauthn:extension:prf: true, webauthn:virtualAuthenticators: true}
Session ID: 015e4692364b9aa1e110f026071fa315
at java.base/jdk.internal.reflect.NativeConstructorAccessorImpl.newInstance0(Native Method)
at java.base/jdk.internal.reflect.NativeConstructorAccessorImpl.newInstance(NativeConstructorAccessorImpl.java:77)
at java.base/jdk.internal.reflect.DelegatingConstructorAccessorImpl.newInstance(DelegatingConstructorAccessorImpl.java:45)
at java.base/java.lang.reflect.Constructor.newInstanceWithCaller(Constructor.java:499)
at java.base/java.lang.reflect.Constructor.newInstance(Constructor.java:480)
at org.openqa.selenium.remote.ErrorCodec.decode(ErrorCodec.java:167)
at org.openqa.selenium.remote.codec.w3c.W3CHttpResponseCodec.decode(W3CHttpResponseCodec.java:138)
at org.openqa.selenium.remote.codec.w3c.W3CHttpResponseCodec.decode(W3CHttpResponseCodec.java:50)
at org.openqa.selenium.remote.HttpCommandExecutor.execute(HttpCommandExecutor.java:190)
at org.openqa.selenium.remote.service.DriverCommandExecutor.invokeExecute(DriverCommandExecutor.java:216)
at org.openqa.selenium.remote.service.DriverCommandExecutor.execute(DriverCommandExecutor.java:174)
at org.openqa.selenium.remote.RemoteWebDriver.execute(RemoteWebDriver.java:518)
at org.openqa.selenium.remote.ElementLocation$ElementFinder$2.findElement(ElementLocation.java:165)
at org.openqa.selenium.remote.ElementLocation.findElement(ElementLocation.java:66)
at org.openqa.selenium.remote.RemoteWebDriver.findElement(RemoteWebDriver.java:355)
at org.openqa.selenium.remote.RemoteWebDriver.findElement(RemoteWebDriver.java:349)
at org.openqa.selenium.support.pagefactory.DefaultElementLocator.findElement(DefaultElementLocator.java:68)
at org.openqa.selenium.support.pagefactory.internal.LocatingElementHandler.invoke(LocatingElementHandler.java:38)
at jdk.proxy2/jdk.proxy2.$Proxy15.sendKeys(Unknown Source)
at Pages.ForgotPassword.SendEmailOrPhoneNo(ForgotPassword.java:27)
at TestNG.tsetclass.verifyErrorMessageWhenPasswordFunctionalityUsed(tsetclass.java:57)
at java.base/jdk.internal.reflect.NativeMethodAccessorImpl.invoke0(Native Method)
at java.base/jdk.internal.reflect.NativeMethodAccessorImpl.invoke(NativeMethodAccessorImpl.java:77)
at java.base/jdk.internal.reflect.DelegatingMethodAccessorImpl.invoke(DelegatingMethodAccessorImpl.java:43)
at java.base/java.lang.reflect.Method.invoke(Method.java:568)
at org.testng.internal.MethodInvocationHelper.invokeMethod(MethodInvocationHelper.java:133)
at org.testng.internal.TestInvoker.invokeMethod(TestInvoker.java:598)
at org.testng.internal.TestInvoker.invokeTestMethod(TestInvoker.java:173)
at org.testng.internal.MethodRunner.runInSequence(MethodRunner.java:46)
at org.testng.internal.TestInvoker$MethodInvocationAgent.invoke(TestInvoker.java:824)
at org.testng.internal.TestInvoker.invokeTestMethods(TestInvoker.java:146)
at org.testng.internal.TestMethodWorker.invokeTestMethods(TestMethodWorker.java:146)
at org.testng.internal.TestMethodWorker.run(TestMethodWorker.java:128)
at java.base/java.util.ArrayList.forEach(ArrayList.java:1511)
at org.testng.TestRunner.privateRun(TestRunner.java:794)
at org.testng.TestRunner.run(TestRunner.java:596)
at org.testng.SuiteRunner.runTest(SuiteRunner.java:377)
at org.testng.SuiteRunner.runSequentially(SuiteRunner.java:371)
at org.testng.SuiteRunner.privateRun(SuiteRunner.java:332)
at org.testng.SuiteRunner.run(SuiteRunner.java:276)
at org.testng.SuiteRunnerWorker.runSuite(SuiteRunnerWorker.java:53)
at org.testng.SuiteRunnerWorker.run(SuiteRunnerWorker.java:96)
at org.testng.TestNG.runSuitesSequentially(TestNG.java:1212)
at org.testng.TestNG.runSuitesLocally(TestNG.java:1134)
at org.testng.TestNG.runSuites(TestNG.java:1063)
at org.testng.TestNG.run(TestNG.java:1031)
at org.testng.remote.AbstractRemoteTestNG.run(AbstractRemoteTestNG.java:115)
at org.testng.remote.RemoteTestNG.initAndRun(RemoteTestNG.java:293)
at org.testng.remote.RemoteTestNG.main(RemoteTestNG.java:91)
]]>
            </full-stacktrace>
          </exception> <!-- org.openqa.selenium.NoSuchElementException -->
          <reporter-output>
          </reporter-output>
        </test-method> <!-- verifyErrorMessageWhenPasswordFunctionalityUsed -->
        <test-method is-config="true" signature="captureScreenshotOfFailtestcase()[pri:0, instance:TestNG.tsetclass@21282ed8]" started-at="2024-04-25T21:35:02 IST" name="captureScreenshotOfFailtestcase" finished-at="2024-04-25T21:35:02 IST" duration-ms="0" status="PASS">
          <reporter-output>
          </reporter-output>
        </test-method> <!-- captureScreenshotOfFailtestcase -->
        <test-method is-config="true" signature="LaunchForgoatPasswordForm()[pri:0, instance:TestNG.tsetclass@21282ed8]" started-at="2024-04-25T21:35:02 IST" name="LaunchForgoatPasswordForm" finished-at="2024-04-25T21:35:03 IST" duration-ms="1627" status="PASS">
          <reporter-output>
          </reporter-output>
        </test-method> <!-- LaunchForgoatPasswordForm -->
        <test-method signature="verifyPasswordShouldBeSucessfully()[pri:0, instance:TestNG.tsetclass@21282ed8]" started-at="2024-04-25T21:35:03 IST" name="verifyPasswordShouldBeSucessfully" finished-at="2024-04-25T21:35:03 IST" duration-ms="15" status="FAIL">
          <exception class="org.openqa.selenium.NoSuchElementException">
            <message>
              <![CDATA[no such element: Unable to locate element: {"method":"css selector","selector":"#email"}
  (Session info: chrome=123.0.6312.124)
For documentation on this error, please visit: https://www.selenium.dev/documentation/webdriver/troubleshooting/errors#no-such-element-exception
Build info: version: '4.19.1', revision: 'abe0ee07dc'
System info: os.name: 'Windows 11', os.arch: 'amd64', os.version: '10.0', java.version: '17.0.9'
Driver info: org.openqa.selenium.chrome.ChromeDriver
Command: [015e4692364b9aa1e110f026071fa315, findElement {value=email, using=id}]
Capabilities {acceptInsecureCerts: false, browserName: chrome, browserVersion: 123.0.6312.124, chrome: {chromedriverVersion: 123.0.6312.122 (31f8248cdd9..., userDataDir: C:\Users\Atul\AppData\Local...}, fedcm:accounts: true, goog:chromeOptions: {debuggerAddress: localhost:49905}, networkConnectionEnabled: false, pageLoadStrategy: normal, platformName: windows, proxy: Proxy(), se:cdp: ws://localhost:49905/devtoo..., se:cdpVersion: 123.0.6312.124, setWindowRect: true, strictFileInteractability: false, timeouts: {implicit: 0, pageLoad: 300000, script: 30000}, unhandledPromptBehavior: dismiss and notify, webauthn:extension:credBlob: true, webauthn:extension:largeBlob: true, webauthn:extension:minPinLength: true, webauthn:extension:prf: true, webauthn:virtualAuthenticators: true}
Session ID: 015e4692364b9aa1e110f026071fa315]]>
            </message>
            <full-stacktrace>
              <![CDATA[org.openqa.selenium.NoSuchElementException: no such element: Unable to locate element: {"method":"css selector","selector":"#email"}
  (Session info: chrome=123.0.6312.124)
For documentation on this error, please visit: https://www.selenium.dev/documentation/webdriver/troubleshooting/errors#no-such-element-exception
Build info: version: '4.19.1', revision: 'abe0ee07dc'
System info: os.name: 'Windows 11', os.arch: 'amd64', os.version: '10.0', java.version: '17.0.9'
Driver info: org.openqa.selenium.chrome.ChromeDriver
Command: [015e4692364b9aa1e110f026071fa315, findElement {value=email, using=id}]
Capabilities {acceptInsecureCerts: false, browserName: chrome, browserVersion: 123.0.6312.124, chrome: {chromedriverVersion: 123.0.6312.122 (31f8248cdd9..., userDataDir: C:\Users\Atul\AppData\Local...}, fedcm:accounts: true, goog:chromeOptions: {debuggerAddress: localhost:49905}, networkConnectionEnabled: false, pageLoadStrategy: normal, platformName: windows, proxy: Proxy(), se:cdp: ws://localhost:49905/devtoo..., se:cdpVersion: 123.0.6312.124, setWindowRect: true, strictFileInteractability: false, timeouts: {implicit: 0, pageLoad: 300000, script: 30000}, unhandledPromptBehavior: dismiss and notify, webauthn:extension:credBlob: true, webauthn:extension:largeBlob: true, webauthn:extension:minPinLength: true, webauthn:extension:prf: true, webauthn:virtualAuthenticators: true}
Session ID: 015e4692364b9aa1e110f026071fa315
at java.base/jdk.internal.reflect.NativeConstructorAccessorImpl.newInstance0(Native Method)
at java.base/jdk.internal.reflect.NativeConstructorAccessorImpl.newInstance(NativeConstructorAccessorImpl.java:77)
at java.base/jdk.internal.reflect.DelegatingConstructorAccessorImpl.newInstance(DelegatingConstructorAccessorImpl.java:45)
at java.base/java.lang.reflect.Constructor.newInstanceWithCaller(Constructor.java:499)
at java.base/java.lang.reflect.Constructor.newInstance(Constructor.java:480)
at org.openqa.selenium.remote.ErrorCodec.decode(ErrorCodec.java:167)
at org.openqa.selenium.remote.codec.w3c.W3CHttpResponseCodec.decode(W3CHttpResponseCodec.java:138)
at org.openqa.selenium.remote.codec.w3c.W3CHttpResponseCodec.decode(W3CHttpResponseCodec.java:50)
at org.openqa.selenium.remote.HttpCommandExecutor.execute(HttpCommandExecutor.java:190)
at org.openqa.selenium.remote.service.DriverCommandExecutor.invokeExecute(DriverCommandExecutor.java:216)
at org.openqa.selenium.remote.service.DriverCommandExecutor.execute(DriverCommandExecutor.java:174)
at org.openqa.selenium.remote.RemoteWebDriver.execute(RemoteWebDriver.java:518)
at org.openqa.selenium.remote.ElementLocation$ElementFinder$2.findElement(ElementLocation.java:165)
at org.openqa.selenium.remote.ElementLocation.findElement(ElementLocation.java:59)
at org.openqa.selenium.remote.RemoteWebDriver.findElement(RemoteWebDriver.java:355)
at org.openqa.selenium.remote.RemoteWebDriver.findElement(RemoteWebDriver.java:349)
at org.openqa.selenium.support.pagefactory.DefaultElementLocator.findElement(DefaultElementLocator.java:68)
at org.openqa.selenium.support.pagefactory.internal.LocatingElementHandler.invoke(LocatingElementHandler.java:38)
at jdk.proxy2/jdk.proxy2.$Proxy15.sendKeys(Unknown Source)
at Pages.ForgotPassword.SendEmailOrPhoneNo(ForgotPassword.java:27)
at TestNG.tsetclass.verifyPasswordShouldBeSucessfully(tsetclass.java:47)
at java.base/jdk.internal.reflect.NativeMethodAccessorImpl.invoke0(Native Method)
at java.base/jdk.internal.reflect.NativeMethodAccessorImpl.invoke(NativeMethodAccessorImpl.java:77)
at java.base/jdk.internal.reflect.DelegatingMethodAccessorImpl.invoke(DelegatingMethodAccessorImpl.java:43)
at java.base/java.lang.reflect.Method.invoke(Method.java:568)
at org.testng.internal.MethodInvocationHelper.invokeMethod(MethodInvocationHelper.java:133)
at org.testng.internal.TestInvoker.invokeMethod(TestInvoker.java:598)
at org.testng.internal.TestInvoker.invokeTestMethod(TestInvoker.java:173)
at org.testng.internal.MethodRunner.runInSequence(MethodRunner.java:46)
at org.testng.internal.TestInvoker$MethodInvocationAgent.invoke(TestInvoker.java:824)
at org.testng.internal.TestInvoker.invokeTestMethods(TestInvoker.java:146)
at org.testng.internal.TestMethodWorker.invokeTestMethods(TestMethodWorker.java:146)
at org.testng.internal.TestMethodWorker.run(TestMethodWorker.java:128)
at java.base/java.util.ArrayList.forEach(ArrayList.java:1511)
at org.testng.TestRunner.privateRun(TestRunner.java:794)
at org.testng.TestRunner.run(TestRunner.java:596)
at org.testng.SuiteRunner.runTest(SuiteRunner.java:377)
at org.testng.SuiteRunner.runSequentially(SuiteRunner.java:371)
at org.testng.SuiteRunner.privateRun(SuiteRunner.java:332)
at org.testng.SuiteRunner.run(SuiteRunner.java:276)
at org.testng.SuiteRunnerWorker.runSuite(SuiteRunnerWorker.java:53)
at org.testng.SuiteRunnerWorker.run(SuiteRunnerWorker.java:96)
at org.testng.TestNG.runSuitesSequentially(TestNG.java:1212)
at org.testng.TestNG.runSuitesLocally(TestNG.java:1134)
at org.testng.TestNG.runSuites(TestNG.java:1063)
at org.testng.TestNG.run(TestNG.java:1031)
at org.testng.remote.AbstractRemoteTestNG.run(AbstractRemoteTestNG.java:115)
at org.testng.remote.RemoteTestNG.initAndRun(RemoteTestNG.java:293)
at org.testng.remote.RemoteTestNG.main(RemoteTestNG.java:91)
]]>
            </full-stacktrace>
          </exception> <!-- org.openqa.selenium.NoSuchElementException -->
          <reporter-output>
          </reporter-output>
        </test-method> <!-- verifyPasswordShouldBeSucessfully -->
        <test-method is-config="true" signature="captureScreenshotOfFailtestcase()[pri:0, instance:TestNG.tsetclass@21282ed8]" started-at="2024-04-25T21:35:03 IST" name="captureScreenshotOfFailtestcase" finished-at="2024-04-25T21:35:03 IST" duration-ms="0" status="PASS">
          <reporter-output>
          </reporter-output>
        </test-method> <!-- captureScreenshotOfFailtestcase -->
        <test-method is-config="true" signature="afterClass()[pri:0, instance:TestNG.tsetclass@21282ed8]" started-at="2024-04-25T21:35:03 IST" name="afterClass" finished-at="2024-04-25T21:35:04 IST" duration-ms="295" status="PASS">
          <reporter-output>
          </reporter-output>
        </test-method> <!-- afterClass -->
      </class> <!-- TestNG.tsetclass -->
      <class name="TestNG.enabled_keyword">
        <test-method is-config="true" signature="launchBrowser()[pri:0, instance:TestNG.enabled_keyword@4dbb42b7]" started-at="2024-04-25T21:34:55 IST" name="launchBrowser" finished-at="2024-04-25T21:34:55 IST" duration-ms="1" status="PASS">
          <reporter-output>
          </reporter-output>
        </test-method> <!-- launchBrowser -->
        <test-method signature="DesigntestCase3()[pri:-2, instance:TestNG.enabled_keyword@4dbb42b7]" started-at="2024-04-25T21:34:55 IST" name="DesigntestCase3" finished-at="2024-04-25T21:34:55 IST" duration-ms="8" status="PASS">
          <reporter-output>
          </reporter-output>
        </test-method> <!-- DesigntestCase3 -->
        <test-method is-config="true" signature="beforeMethod()[pri:0, instance:TestNG.enabled_keyword@4dbb42b7]" started-at="2024-04-25T21:34:55 IST" name="beforeMethod" finished-at="2024-04-25T21:34:55 IST" duration-ms="0" status="PASS">
          <reporter-output>
          </reporter-output>
        </test-method> <!-- beforeMethod -->
        <test-method is-config="true" signature="afterMethod()[pri:0, instance:TestNG.enabled_keyword@4dbb42b7]" started-at="2024-04-25T21:34:55 IST" name="afterMethod" finished-at="2024-04-25T21:34:55 IST" duration-ms="0" status="PASS">
          <reporter-output>
          </reporter-output>
        </test-method> <!-- afterMethod -->
        <test-method is-config="true" signature="beforeMethod()[pri:0, instance:TestNG.enabled_keyword@4dbb42b7]" started-at="2024-04-25T21:34:55 IST" name="beforeMethod" finished-at="2024-04-25T21:34:55 IST" duration-ms="1" status="PASS">
          <reporter-output>
          </reporter-output>
        </test-method> <!-- beforeMethod -->
        <test-method signature="DesigntestCase0()[pri:0, instance:TestNG.enabled_keyword@4dbb42b7]" started-at="2024-04-25T21:34:55 IST" name="DesigntestCase0" finished-at="2024-04-25T21:34:55 IST" duration-ms="9" status="PASS">
          <reporter-output>
          </reporter-output>
        </test-method> <!-- DesigntestCase0 -->
        <test-method is-config="true" signature="afterMethod()[pri:0, instance:TestNG.enabled_keyword@4dbb42b7]" started-at="2024-04-25T21:34:55 IST" name="afterMethod" finished-at="2024-04-25T21:34:55 IST" duration-ms="1" status="PASS">
          <reporter-output>
          </reporter-output>
        </test-method> <!-- afterMethod -->
        <test-method signature="DesigntestCase2()[pri:2, instance:TestNG.enabled_keyword@4dbb42b7]" started-at="2024-04-25T21:35:04 IST" name="DesigntestCase2" finished-at="2024-04-25T21:35:04 IST" duration-ms="0" status="PASS">
          <reporter-output>
          </reporter-output>
        </test-method> <!-- DesigntestCase2 -->
        <test-method is-config="true" signature="aferClass()[pri:0, instance:TestNG.enabled_keyword@4dbb42b7]" started-at="2024-04-25T21:35:04 IST" name="aferClass" finished-at="2024-04-25T21:35:04 IST" duration-ms="0" status="PASS">
          <reporter-output>
          </reporter-output>
        </test-method> <!-- aferClass -->
        <test-method is-config="true" signature="afterMethod()[pri:0, instance:TestNG.enabled_keyword@4dbb42b7]" started-at="2024-04-25T21:35:04 IST" name="afterMethod" finished-at="2024-04-25T21:35:04 IST" duration-ms="0" status="PASS">
          <reporter-output>
          </reporter-output>
        </test-method> <!-- afterMethod -->
        <test-method is-config="true" signature="beforeMethod()[pri:0, instance:TestNG.enabled_keyword@4dbb42b7]" started-at="2024-04-25T21:35:04 IST" name="beforeMethod" finished-at="2024-04-25T21:35:04 IST" duration-ms="0" status="PASS">
          <reporter-output>
          </reporter-output>
        </test-method> <!-- beforeMethod -->
      </class> <!-- TestNG.enabled_keyword -->
      <class name="TestNG.assertion">
        <test-method is-config="true" signature="launchBrowser()[pri:0, instance:TestNG.assertion@66f57048]" started-at="2024-04-25T21:35:04 IST" name="launchBrowser" finished-at="2024-04-25T21:35:04 IST" duration-ms="0" status="PASS">
          <reporter-output>
          </reporter-output>
        </test-method> <!-- launchBrowser -->
        <test-method is-config="true" signature="beforeMethod()[pri:0, instance:TestNG.assertion@66f57048]" started-at="2024-04-25T21:35:04 IST" name="beforeMethod" finished-at="2024-04-25T21:35:04 IST" duration-ms="0" status="PASS">
          <reporter-output>
          </reporter-output>
        </test-method> <!-- beforeMethod -->
        <test-method signature="test1()[pri:1, instance:TestNG.assertion@66f57048]" started-at="2024-04-25T21:35:04 IST" name="test1" finished-at="2024-04-25T21:35:04 IST" duration-ms="7" status="PASS">
          <reporter-output>
          </reporter-output>
        </test-method> <!-- test1 -->
      </class> <!-- TestNG.assertion -->
      <class name="TestNG.invocationCount_Keyword">
        <test-method is-config="true" signature="launchBrowser()[pri:0, instance:TestNG.invocationCount_Keyword@ffaa6af]" started-at="2024-04-25T21:34:55 IST" name="launchBrowser" finished-at="2024-04-25T21:34:55 IST" duration-ms="11" status="PASS">
          <reporter-output>
          </reporter-output>
        </test-method> <!-- launchBrowser -->
        <test-method is-config="true" signature="beforeMethod()[pri:0, instance:TestNG.invocationCount_Keyword@ffaa6af]" started-at="2024-04-25T21:34:55 IST" name="beforeMethod" finished-at="2024-04-25T21:34:55 IST" duration-ms="0" status="PASS">
          <reporter-output>
          </reporter-output>
        </test-method> <!-- beforeMethod -->
        <test-method signature="DesigntestCase3()[pri:-2, instance:TestNG.invocationCount_Keyword@ffaa6af]" started-at="2024-04-25T21:34:55 IST" name="DesigntestCase3" finished-at="2024-04-25T21:34:55 IST" duration-ms="10" status="PASS">
          <reporter-output>
          </reporter-output>
        </test-method> <!-- DesigntestCase3 -->
        <test-method is-config="true" signature="afterMethod()[pri:0, instance:TestNG.invocationCount_Keyword@ffaa6af]" started-at="2024-04-25T21:34:55 IST" name="afterMethod" finished-at="2024-04-25T21:34:55 IST" duration-ms="1" status="PASS">
          <reporter-output>
          </reporter-output>
        </test-method> <!-- afterMethod -->
        <test-method is-config="true" signature="beforeMethod()[pri:0, instance:TestNG.invocationCount_Keyword@ffaa6af]" started-at="2024-04-25T21:34:55 IST" name="beforeMethod" finished-at="2024-04-25T21:34:55 IST" duration-ms="0" status="PASS">
          <reporter-output>
          </reporter-output>
        </test-method> <!-- beforeMethod -->
        <test-method signature="DesigntestCase0()[pri:0, instance:TestNG.invocationCount_Keyword@ffaa6af]" started-at="2024-04-25T21:34:55 IST" name="DesigntestCase0" finished-at="2024-04-25T21:34:55 IST" duration-ms="4" status="PASS">
          <reporter-output>
          </reporter-output>
        </test-method> <!-- DesigntestCase0 -->
        <test-method is-config="true" signature="afterMethod()[pri:0, instance:TestNG.invocationCount_Keyword@ffaa6af]" started-at="2024-04-25T21:34:55 IST" name="afterMethod" finished-at="2024-04-25T21:34:55 IST" duration-ms="0" status="PASS">
          <reporter-output>
          </reporter-output>
        </test-method> <!-- afterMethod -->
        <test-method signature="DesigntestCase1()[pri:1, instance:TestNG.invocationCount_Keyword@ffaa6af]" started-at="2024-04-25T21:35:04 IST" name="DesigntestCase1" finished-at="2024-04-25T21:35:04 IST" duration-ms="1" status="PASS">
          <reporter-output>
          </reporter-output>
        </test-method> <!-- DesigntestCase1 -->
        <test-method is-config="true" signature="beforeMethod()[pri:0, instance:TestNG.invocationCount_Keyword@ffaa6af]" started-at="2024-04-25T21:35:04 IST" name="beforeMethod" finished-at="2024-04-25T21:35:04 IST" duration-ms="0" status="PASS">
          <reporter-output>
          </reporter-output>
        </test-method> <!-- beforeMethod -->
        <test-method is-config="true" signature="beforeMethod()[pri:0, instance:TestNG.invocationCount_Keyword@ffaa6af]" started-at="2024-04-25T21:35:04 IST" name="beforeMethod" finished-at="2024-04-25T21:35:04 IST" duration-ms="1" status="PASS">
          <reporter-output>
          </reporter-output>
        </test-method> <!-- beforeMethod -->
        <test-method is-config="true" signature="afterMethod()[pri:0, instance:TestNG.invocationCount_Keyword@ffaa6af]" started-at="2024-04-25T21:35:04 IST" name="afterMethod" finished-at="2024-04-25T21:35:04 IST" duration-ms="0" status="PASS">
          <reporter-output>
          </reporter-output>
        </test-method> <!-- afterMethod -->
        <test-method signature="DesigntestCase1()[pri:1, instance:TestNG.invocationCount_Keyword@ffaa6af]" started-at="2024-04-25T21:35:04 IST" name="DesigntestCase1" finished-at="2024-04-25T21:35:04 IST" duration-ms="2" status="PASS">
          <reporter-output>
          </reporter-output>
        </test-method> <!-- DesigntestCase1 -->
        <test-method is-config="true" signature="afterMethod()[pri:0, instance:TestNG.invocationCount_Keyword@ffaa6af]" started-at="2024-04-25T21:35:04 IST" name="afterMethod" finished-at="2024-04-25T21:35:04 IST" duration-ms="1" status="PASS">
          <reporter-output>
          </reporter-output>
        </test-method> <!-- afterMethod -->
        <test-method is-config="true" signature="beforeMethod()[pri:0, instance:TestNG.invocationCount_Keyword@ffaa6af]" started-at="2024-04-25T21:35:04 IST" name="beforeMethod" finished-at="2024-04-25T21:35:04 IST" duration-ms="0" status="PASS">
          <reporter-output>
          </reporter-output>
        </test-method> <!-- beforeMethod -->
        <test-method signature="DesigntestCase1()[pri:1, instance:TestNG.invocationCount_Keyword@ffaa6af]" started-at="2024-04-25T21:35:04 IST" name="DesigntestCase1" finished-at="2024-04-25T21:35:04 IST" duration-ms="6" status="PASS">
          <reporter-output>
          </reporter-output>
        </test-method> <!-- DesigntestCase1 -->
        <test-method is-config="true" signature="afterMethod()[pri:0, instance:TestNG.invocationCount_Keyword@ffaa6af]" started-at="2024-04-25T21:35:04 IST" name="afterMethod" finished-at="2024-04-25T21:35:04 IST" duration-ms="1" status="PASS">
          <reporter-output>
          </reporter-output>
        </test-method> <!-- afterMethod -->
        <test-method is-config="true" signature="beforeMethod()[pri:0, instance:TestNG.invocationCount_Keyword@ffaa6af]" started-at="2024-04-25T21:35:04 IST" name="beforeMethod" finished-at="2024-04-25T21:35:04 IST" duration-ms="0" status="PASS">
          <reporter-output>
          </reporter-output>
        </test-method> <!-- beforeMethod -->
        <test-method signature="DesigntestCase2()[pri:2, instance:TestNG.invocationCount_Keyword@ffaa6af]" started-at="2024-04-25T21:35:04 IST" name="DesigntestCase2" finished-at="2024-04-25T21:35:04 IST" duration-ms="15" status="PASS">
          <reporter-output>
          </reporter-output>
        </test-method> <!-- DesigntestCase2 -->
        <test-method is-config="true" signature="aferClass()[pri:0, instance:TestNG.invocationCount_Keyword@ffaa6af]" started-at="2024-04-25T21:35:04 IST" name="aferClass" finished-at="2024-04-25T21:35:04 IST" duration-ms="0" status="PASS">
          <reporter-output>
          </reporter-output>
        </test-method> <!-- aferClass -->
        <test-method is-config="true" signature="afterMethod()[pri:0, instance:TestNG.invocationCount_Keyword@ffaa6af]" started-at="2024-04-25T21:35:04 IST" name="afterMethod" finished-at="2024-04-25T21:35:04 IST" duration-ms="0" status="PASS">
          <reporter-output>
          </reporter-output>
        </test-method> <!-- afterMethod -->
      </class> <!-- TestNG.invocationCount_Keyword -->
      <class name="TestNG.timeOut_keyword">
        <test-method is-config="true" signature="launchBrowser()[pri:0, instance:TestNG.timeOut_keyword@550dbc7a]" started-at="2024-04-25T21:34:55 IST" name="launchBrowser" finished-at="2024-04-25T21:34:55 IST" duration-ms="0" status="PASS">
          <reporter-output>
          </reporter-output>
        </test-method> <!-- launchBrowser -->
        <test-method is-config="true" signature="beforeMethod()[pri:0, instance:TestNG.timeOut_keyword@550dbc7a]" started-at="2024-04-25T21:34:55 IST" name="beforeMethod" finished-at="2024-04-25T21:34:55 IST" duration-ms="0" status="PASS">
          <reporter-output>
          </reporter-output>
        </test-method> <!-- beforeMethod -->
        <test-method signature="DesigntestCase3()[pri:-2, instance:TestNG.timeOut_keyword@550dbc7a]" started-at="2024-04-25T21:34:55 IST" name="DesigntestCase3" finished-at="2024-04-25T21:34:55 IST" duration-ms="7" status="PASS">
          <reporter-output>
          </reporter-output>
        </test-method> <!-- DesigntestCase3 -->
        <test-method is-config="true" signature="afterMethod()[pri:0, instance:TestNG.timeOut_keyword@550dbc7a]" started-at="2024-04-25T21:34:55 IST" name="afterMethod" finished-at="2024-04-25T21:34:55 IST" duration-ms="0" status="PASS">
          <reporter-output>
          </reporter-output>
        </test-method> <!-- afterMethod -->
        <test-method is-config="true" signature="beforeMethod()[pri:0, instance:TestNG.timeOut_keyword@550dbc7a]" started-at="2024-04-25T21:34:55 IST" name="beforeMethod" finished-at="2024-04-25T21:34:55 IST" duration-ms="11" status="PASS">
          <reporter-output>
          </reporter-output>
        </test-method> <!-- beforeMethod -->
        <test-method signature="DesigntestCase0()[pri:0, instance:TestNG.timeOut_keyword@550dbc7a]" started-at="2024-04-25T21:34:55 IST" name="DesigntestCase0" finished-at="2024-04-25T21:34:55 IST" duration-ms="8" status="PASS">
          <reporter-output>
          </reporter-output>
        </test-method> <!-- DesigntestCase0 -->
        <test-method is-config="true" signature="afterMethod()[pri:0, instance:TestNG.timeOut_keyword@550dbc7a]" started-at="2024-04-25T21:34:55 IST" name="afterMethod" finished-at="2024-04-25T21:34:55 IST" duration-ms="6" status="PASS">
          <reporter-output>
          </reporter-output>
        </test-method> <!-- afterMethod -->
        <test-method signature="DesigntestCase2()[pri:2, instance:TestNG.timeOut_keyword@550dbc7a]" started-at="2024-04-25T21:35:04 IST" name="DesigntestCase2" finished-at="2024-04-25T21:35:04 IST" duration-ms="21" status="PASS">
          <reporter-output>
          </reporter-output>
        </test-method> <!-- DesigntestCase2 -->
        <test-method is-config="true" signature="beforeMethod()[pri:0, instance:TestNG.timeOut_keyword@550dbc7a]" started-at="2024-04-25T21:35:04 IST" name="beforeMethod" finished-at="2024-04-25T21:35:04 IST" duration-ms="0" status="PASS">
          <reporter-output>
          </reporter-output>
        </test-method> <!-- beforeMethod -->
        <test-method is-config="true" signature="afterMethod()[pri:0, instance:TestNG.timeOut_keyword@550dbc7a]" started-at="2024-04-25T21:35:04 IST" name="afterMethod" finished-at="2024-04-25T21:35:04 IST" duration-ms="3" status="PASS">
          <reporter-output>
          </reporter-output>
        </test-method> <!-- afterMethod -->
        <test-method is-config="true" signature="aferClass()[pri:0, instance:TestNG.timeOut_keyword@550dbc7a]" started-at="2024-04-25T21:35:04 IST" name="aferClass" finished-at="2024-04-25T21:35:04 IST" duration-ms="1" status="PASS">
          <reporter-output>
          </reporter-output>
        </test-method> <!-- aferClass -->
      </class> <!-- TestNG.timeOut_keyword -->
    </test> <!-- ChromeTest -->
    <test started-at="2024-04-25T21:35:04 IST" name="FirefoxTest" finished-at="2024-04-25T21:35:11 IST" duration-ms="7244">
      <class name="TestNG.tsetclass">
        <test-method is-config="true" signature="LaunchBrowser()[pri:0, instance:TestNG.tsetclass@4d5650ae]" started-at="2024-04-25T21:35:04 IST" name="LaunchBrowser" finished-at="2024-04-25T21:35:07 IST" duration-ms="2534" status="PASS">
          <reporter-output>
          </reporter-output>
        </test-method> <!-- LaunchBrowser -->
        <test-method is-config="true" signature="LaunchForgoatPasswordForm()[pri:0, instance:TestNG.tsetclass@4d5650ae]" started-at="2024-04-25T21:35:07 IST" name="LaunchForgoatPasswordForm" finished-at="2024-04-25T21:35:09 IST" duration-ms="2418" status="PASS">
          <reporter-output>
          </reporter-output>
        </test-method> <!-- LaunchForgoatPasswordForm -->
        <test-method signature="verifyErrorMessageWhenPasswordFunctionalityUsed()[pri:0, instance:TestNG.tsetclass@4d5650ae]" started-at="2024-04-25T21:35:09 IST" name="verifyErrorMessageWhenPasswordFunctionalityUsed" finished-at="2024-04-25T21:35:09 IST" duration-ms="27" status="FAIL">
          <exception class="org.openqa.selenium.NoSuchElementException">
            <message>
              <![CDATA[no such element: Unable to locate element: {"method":"css selector","selector":"#email"}
  (Session info: chrome=123.0.6312.124)
For documentation on this error, please visit: https://www.selenium.dev/documentation/webdriver/troubleshooting/errors#no-such-element-exception
Build info: version: '4.19.1', revision: 'abe0ee07dc'
System info: os.name: 'Windows 11', os.arch: 'amd64', os.version: '10.0', java.version: '17.0.9'
Driver info: org.openqa.selenium.chrome.ChromeDriver
Command: [cb9d46ca6ca1bda8af1149c991f6f4c6, findElement {value=email, using=id}]
Capabilities {acceptInsecureCerts: false, browserName: chrome, browserVersion: 123.0.6312.124, chrome: {chromedriverVersion: 123.0.6312.122 (31f8248cdd9..., userDataDir: C:\Users\Atul\AppData\Local...}, fedcm:accounts: true, goog:chromeOptions: {debuggerAddress: localhost:49927}, networkConnectionEnabled: false, pageLoadStrategy: normal, platformName: windows, proxy: Proxy(), se:cdp: ws://localhost:49927/devtoo..., se:cdpVersion: 123.0.6312.124, setWindowRect: true, strictFileInteractability: false, timeouts: {implicit: 0, pageLoad: 300000, script: 30000}, unhandledPromptBehavior: dismiss and notify, webauthn:extension:credBlob: true, webauthn:extension:largeBlob: true, webauthn:extension:minPinLength: true, webauthn:extension:prf: true, webauthn:virtualAuthenticators: true}
Session ID: cb9d46ca6ca1bda8af1149c991f6f4c6]]>
            </message>
            <full-stacktrace>
              <![CDATA[org.openqa.selenium.NoSuchElementException: no such element: Unable to locate element: {"method":"css selector","selector":"#email"}
  (Session info: chrome=123.0.6312.124)
For documentation on this error, please visit: https://www.selenium.dev/documentation/webdriver/troubleshooting/errors#no-such-element-exception
Build info: version: '4.19.1', revision: 'abe0ee07dc'
System info: os.name: 'Windows 11', os.arch: 'amd64', os.version: '10.0', java.version: '17.0.9'
Driver info: org.openqa.selenium.chrome.ChromeDriver
Command: [cb9d46ca6ca1bda8af1149c991f6f4c6, findElement {value=email, using=id}]
Capabilities {acceptInsecureCerts: false, browserName: chrome, browserVersion: 123.0.6312.124, chrome: {chromedriverVersion: 123.0.6312.122 (31f8248cdd9..., userDataDir: C:\Users\Atul\AppData\Local...}, fedcm:accounts: true, goog:chromeOptions: {debuggerAddress: localhost:49927}, networkConnectionEnabled: false, pageLoadStrategy: normal, platformName: windows, proxy: Proxy(), se:cdp: ws://localhost:49927/devtoo..., se:cdpVersion: 123.0.6312.124, setWindowRect: true, strictFileInteractability: false, timeouts: {implicit: 0, pageLoad: 300000, script: 30000}, unhandledPromptBehavior: dismiss and notify, webauthn:extension:credBlob: true, webauthn:extension:largeBlob: true, webauthn:extension:minPinLength: true, webauthn:extension:prf: true, webauthn:virtualAuthenticators: true}
Session ID: cb9d46ca6ca1bda8af1149c991f6f4c6
at java.base/jdk.internal.reflect.NativeConstructorAccessorImpl.newInstance0(Native Method)
at java.base/jdk.internal.reflect.NativeConstructorAccessorImpl.newInstance(NativeConstructorAccessorImpl.java:77)
at java.base/jdk.internal.reflect.DelegatingConstructorAccessorImpl.newInstance(DelegatingConstructorAccessorImpl.java:45)
at java.base/java.lang.reflect.Constructor.newInstanceWithCaller(Constructor.java:499)
at java.base/java.lang.reflect.Constructor.newInstance(Constructor.java:480)
at org.openqa.selenium.remote.ErrorCodec.decode(ErrorCodec.java:167)
at org.openqa.selenium.remote.codec.w3c.W3CHttpResponseCodec.decode(W3CHttpResponseCodec.java:138)
at org.openqa.selenium.remote.codec.w3c.W3CHttpResponseCodec.decode(W3CHttpResponseCodec.java:50)
at org.openqa.selenium.remote.HttpCommandExecutor.execute(HttpCommandExecutor.java:190)
at org.openqa.selenium.remote.service.DriverCommandExecutor.invokeExecute(DriverCommandExecutor.java:216)
at org.openqa.selenium.remote.service.DriverCommandExecutor.execute(DriverCommandExecutor.java:174)
at org.openqa.selenium.remote.RemoteWebDriver.execute(RemoteWebDriver.java:518)
at org.openqa.selenium.remote.ElementLocation$ElementFinder$2.findElement(ElementLocation.java:165)
at org.openqa.selenium.remote.ElementLocation.findElement(ElementLocation.java:66)
at org.openqa.selenium.remote.RemoteWebDriver.findElement(RemoteWebDriver.java:355)
at org.openqa.selenium.remote.RemoteWebDriver.findElement(RemoteWebDriver.java:349)
at org.openqa.selenium.support.pagefactory.DefaultElementLocator.findElement(DefaultElementLocator.java:68)
at org.openqa.selenium.support.pagefactory.internal.LocatingElementHandler.invoke(LocatingElementHandler.java:38)
at jdk.proxy2/jdk.proxy2.$Proxy15.sendKeys(Unknown Source)
at Pages.ForgotPassword.SendEmailOrPhoneNo(ForgotPassword.java:27)
at TestNG.tsetclass.verifyErrorMessageWhenPasswordFunctionalityUsed(tsetclass.java:57)
at java.base/jdk.internal.reflect.NativeMethodAccessorImpl.invoke0(Native Method)
at java.base/jdk.internal.reflect.NativeMethodAccessorImpl.invoke(NativeMethodAccessorImpl.java:77)
at java.base/jdk.internal.reflect.DelegatingMethodAccessorImpl.invoke(DelegatingMethodAccessorImpl.java:43)
at java.base/java.lang.reflect.Method.invoke(Method.java:568)
at org.testng.internal.MethodInvocationHelper.invokeMethod(MethodInvocationHelper.java:133)
at org.testng.internal.TestInvoker.invokeMethod(TestInvoker.java:598)
at org.testng.internal.TestInvoker.invokeTestMethod(TestInvoker.java:173)
at org.testng.internal.MethodRunner.runInSequence(MethodRunner.java:46)
at org.testng.internal.TestInvoker$MethodInvocationAgent.invoke(TestInvoker.java:824)
at org.testng.internal.TestInvoker.invokeTestMethods(TestInvoker.java:146)
at org.testng.internal.TestMethodWorker.invokeTestMethods(TestMethodWorker.java:146)
at org.testng.internal.TestMethodWorker.run(TestMethodWorker.java:128)
at java.base/java.util.ArrayList.forEach(ArrayList.java:1511)
at org.testng.TestRunner.privateRun(TestRunner.java:794)
at org.testng.TestRunner.run(TestRunner.java:596)
at org.testng.SuiteRunner.runTest(SuiteRunner.java:377)
at org.testng.SuiteRunner.runSequentially(SuiteRunner.java:371)
at org.testng.SuiteRunner.privateRun(SuiteRunner.java:332)
at org.testng.SuiteRunner.run(SuiteRunner.java:276)
at org.testng.SuiteRunnerWorker.runSuite(SuiteRunnerWorker.java:53)
at org.testng.SuiteRunnerWorker.run(SuiteRunnerWorker.java:96)
at org.testng.TestNG.runSuitesSequentially(TestNG.java:1212)
at org.testng.TestNG.runSuitesLocally(TestNG.java:1134)
at org.testng.TestNG.runSuites(TestNG.java:1063)
at org.testng.TestNG.run(TestNG.java:1031)
at org.testng.remote.AbstractRemoteTestNG.run(AbstractRemoteTestNG.java:115)
at org.testng.remote.RemoteTestNG.initAndRun(RemoteTestNG.java:293)
at org.testng.remote.RemoteTestNG.main(RemoteTestNG.java:91)
]]>
            </full-stacktrace>
          </exception> <!-- org.openqa.selenium.NoSuchElementException -->
          <reporter-output>
          </reporter-output>
        </test-method> <!-- verifyErrorMessageWhenPasswordFunctionalityUsed -->
        <test-method is-config="true" signature="captureScreenshotOfFailtestcase()[pri:0, instance:TestNG.tsetclass@4d5650ae]" started-at="2024-04-25T21:35:09 IST" name="captureScreenshotOfFailtestcase" finished-at="2024-04-25T21:35:09 IST" duration-ms="0" status="PASS">
          <reporter-output>
          </reporter-output>
        </test-method> <!-- captureScreenshotOfFailtestcase -->
        <test-method is-config="true" signature="LaunchForgoatPasswordForm()[pri:0, instance:TestNG.tsetclass@4d5650ae]" started-at="2024-04-25T21:35:09 IST" name="LaunchForgoatPasswordForm" finished-at="2024-04-25T21:35:11 IST" duration-ms="1830" status="PASS">
          <reporter-output>
          </reporter-output>
        </test-method> <!-- LaunchForgoatPasswordForm -->
        <test-method signature="verifyPasswordShouldBeSucessfully()[pri:0, instance:TestNG.tsetclass@4d5650ae]" started-at="2024-04-25T21:35:11 IST" name="verifyPasswordShouldBeSucessfully" finished-at="2024-04-25T21:35:11 IST" duration-ms="34" status="FAIL">
          <exception class="org.openqa.selenium.NoSuchElementException">
            <message>
              <![CDATA[no such element: Unable to locate element: {"method":"css selector","selector":"#email"}
  (Session info: chrome=123.0.6312.124)
For documentation on this error, please visit: https://www.selenium.dev/documentation/webdriver/troubleshooting/errors#no-such-element-exception
Build info: version: '4.19.1', revision: 'abe0ee07dc'
System info: os.name: 'Windows 11', os.arch: 'amd64', os.version: '10.0', java.version: '17.0.9'
Driver info: org.openqa.selenium.chrome.ChromeDriver
Command: [cb9d46ca6ca1bda8af1149c991f6f4c6, findElement {value=email, using=id}]
Capabilities {acceptInsecureCerts: false, browserName: chrome, browserVersion: 123.0.6312.124, chrome: {chromedriverVersion: 123.0.6312.122 (31f8248cdd9..., userDataDir: C:\Users\Atul\AppData\Local...}, fedcm:accounts: true, goog:chromeOptions: {debuggerAddress: localhost:49927}, networkConnectionEnabled: false, pageLoadStrategy: normal, platformName: windows, proxy: Proxy(), se:cdp: ws://localhost:49927/devtoo..., se:cdpVersion: 123.0.6312.124, setWindowRect: true, strictFileInteractability: false, timeouts: {implicit: 0, pageLoad: 300000, script: 30000}, unhandledPromptBehavior: dismiss and notify, webauthn:extension:credBlob: true, webauthn:extension:largeBlob: true, webauthn:extension:minPinLength: true, webauthn:extension:prf: true, webauthn:virtualAuthenticators: true}
Session ID: cb9d46ca6ca1bda8af1149c991f6f4c6]]>
            </message>
            <full-stacktrace>
              <![CDATA[org.openqa.selenium.NoSuchElementException: no such element: Unable to locate element: {"method":"css selector","selector":"#email"}
  (Session info: chrome=123.0.6312.124)
For documentation on this error, please visit: https://www.selenium.dev/documentation/webdriver/troubleshooting/errors#no-such-element-exception
Build info: version: '4.19.1', revision: 'abe0ee07dc'
System info: os.name: 'Windows 11', os.arch: 'amd64', os.version: '10.0', java.version: '17.0.9'
Driver info: org.openqa.selenium.chrome.ChromeDriver
Command: [cb9d46ca6ca1bda8af1149c991f6f4c6, findElement {value=email, using=id}]
Capabilities {acceptInsecureCerts: false, browserName: chrome, browserVersion: 123.0.6312.124, chrome: {chromedriverVersion: 123.0.6312.122 (31f8248cdd9..., userDataDir: C:\Users\Atul\AppData\Local...}, fedcm:accounts: true, goog:chromeOptions: {debuggerAddress: localhost:49927}, networkConnectionEnabled: false, pageLoadStrategy: normal, platformName: windows, proxy: Proxy(), se:cdp: ws://localhost:49927/devtoo..., se:cdpVersion: 123.0.6312.124, setWindowRect: true, strictFileInteractability: false, timeouts: {implicit: 0, pageLoad: 300000, script: 30000}, unhandledPromptBehavior: dismiss and notify, webauthn:extension:credBlob: true, webauthn:extension:largeBlob: true, webauthn:extension:minPinLength: true, webauthn:extension:prf: true, webauthn:virtualAuthenticators: true}
Session ID: cb9d46ca6ca1bda8af1149c991f6f4c6
at java.base/jdk.internal.reflect.NativeConstructorAccessorImpl.newInstance0(Native Method)
at java.base/jdk.internal.reflect.NativeConstructorAccessorImpl.newInstance(NativeConstructorAccessorImpl.java:77)
at java.base/jdk.internal.reflect.DelegatingConstructorAccessorImpl.newInstance(DelegatingConstructorAccessorImpl.java:45)
at java.base/java.lang.reflect.Constructor.newInstanceWithCaller(Constructor.java:499)
at java.base/java.lang.reflect.Constructor.newInstance(Constructor.java:480)
at org.openqa.selenium.remote.ErrorCodec.decode(ErrorCodec.java:167)
at org.openqa.selenium.remote.codec.w3c.W3CHttpResponseCodec.decode(W3CHttpResponseCodec.java:138)
at org.openqa.selenium.remote.codec.w3c.W3CHttpResponseCodec.decode(W3CHttpResponseCodec.java:50)
at org.openqa.selenium.remote.HttpCommandExecutor.execute(HttpCommandExecutor.java:190)
at org.openqa.selenium.remote.service.DriverCommandExecutor.invokeExecute(DriverCommandExecutor.java:216)
at org.openqa.selenium.remote.service.DriverCommandExecutor.execute(DriverCommandExecutor.java:174)
at org.openqa.selenium.remote.RemoteWebDriver.execute(RemoteWebDriver.java:518)
at org.openqa.selenium.remote.ElementLocation$ElementFinder$2.findElement(ElementLocation.java:165)
at org.openqa.selenium.remote.ElementLocation.findElement(ElementLocation.java:59)
at org.openqa.selenium.remote.RemoteWebDriver.findElement(RemoteWebDriver.java:355)
at org.openqa.selenium.remote.RemoteWebDriver.findElement(RemoteWebDriver.java:349)
at org.openqa.selenium.support.pagefactory.DefaultElementLocator.findElement(DefaultElementLocator.java:68)
at org.openqa.selenium.support.pagefactory.internal.LocatingElementHandler.invoke(LocatingElementHandler.java:38)
at jdk.proxy2/jdk.proxy2.$Proxy15.sendKeys(Unknown Source)
at Pages.ForgotPassword.SendEmailOrPhoneNo(ForgotPassword.java:27)
at TestNG.tsetclass.verifyPasswordShouldBeSucessfully(tsetclass.java:47)
at java.base/jdk.internal.reflect.NativeMethodAccessorImpl.invoke0(Native Method)
at java.base/jdk.internal.reflect.NativeMethodAccessorImpl.invoke(NativeMethodAccessorImpl.java:77)
at java.base/jdk.internal.reflect.DelegatingMethodAccessorImpl.invoke(DelegatingMethodAccessorImpl.java:43)
at java.base/java.lang.reflect.Method.invoke(Method.java:568)
at org.testng.internal.MethodInvocationHelper.invokeMethod(MethodInvocationHelper.java:133)
at org.testng.internal.TestInvoker.invokeMethod(TestInvoker.java:598)
at org.testng.internal.TestInvoker.invokeTestMethod(TestInvoker.java:173)
at org.testng.internal.MethodRunner.runInSequence(MethodRunner.java:46)
at org.testng.internal.TestInvoker$MethodInvocationAgent.invoke(TestInvoker.java:824)
at org.testng.internal.TestInvoker.invokeTestMethods(TestInvoker.java:146)
at org.testng.internal.TestMethodWorker.invokeTestMethods(TestMethodWorker.java:146)
at org.testng.internal.TestMethodWorker.run(TestMethodWorker.java:128)
at java.base/java.util.ArrayList.forEach(ArrayList.java:1511)
at org.testng.TestRunner.privateRun(TestRunner.java:794)
at org.testng.TestRunner.run(TestRunner.java:596)
at org.testng.SuiteRunner.runTest(SuiteRunner.java:377)
at org.testng.SuiteRunner.runSequentially(SuiteRunner.java:371)
at org.testng.SuiteRunner.privateRun(SuiteRunner.java:332)
at org.testng.SuiteRunner.run(SuiteRunner.java:276)
at org.testng.SuiteRunnerWorker.runSuite(SuiteRunnerWorker.java:53)
at org.testng.SuiteRunnerWorker.run(SuiteRunnerWorker.java:96)
at org.testng.TestNG.runSuitesSequentially(TestNG.java:1212)
at org.testng.TestNG.runSuitesLocally(TestNG.java:1134)
at org.testng.TestNG.runSuites(TestNG.java:1063)
at org.testng.TestNG.run(TestNG.java:1031)
at org.testng.remote.AbstractRemoteTestNG.run(AbstractRemoteTestNG.java:115)
at org.testng.remote.RemoteTestNG.initAndRun(RemoteTestNG.java:293)
at org.testng.remote.RemoteTestNG.main(RemoteTestNG.java:91)
]]>
            </full-stacktrace>
          </exception> <!-- org.openqa.selenium.NoSuchElementException -->
          <reporter-output>
          </reporter-output>
        </test-method> <!-- verifyPasswordShouldBeSucessfully -->
        <test-method is-config="true" signature="captureScreenshotOfFailtestcase()[pri:0, instance:TestNG.tsetclass@4d5650ae]" started-at="2024-04-25T21:35:11 IST" name="captureScreenshotOfFailtestcase" finished-at="2024-04-25T21:35:11 IST" duration-ms="0" status="PASS">
          <reporter-output>
          </reporter-output>
        </test-method> <!-- captureScreenshotOfFailtestcase -->
        <test-method is-config="true" signature="afterClass()[pri:0, instance:TestNG.tsetclass@4d5650ae]" started-at="2024-04-25T21:35:11 IST" name="afterClass" finished-at="2024-04-25T21:35:11 IST" duration-ms="205" status="PASS">
          <reporter-output>
          </reporter-output>
        </test-method> <!-- afterClass -->
      </class> <!-- TestNG.tsetclass -->
      <class name="TestNG.enabled_keyword">
        <test-method is-config="true" signature="beforeMethod()[pri:0, instance:TestNG.enabled_keyword@5d534f5d]" started-at="2024-04-25T21:35:04 IST" name="beforeMethod" finished-at="2024-04-25T21:35:04 IST" duration-ms="2" status="PASS">
          <reporter-output>
          </reporter-output>
        </test-method> <!-- beforeMethod -->
        <test-method is-config="true" signature="launchBrowser()[pri:0, instance:TestNG.enabled_keyword@5d534f5d]" started-at="2024-04-25T21:35:04 IST" name="launchBrowser" finished-at="2024-04-25T21:35:04 IST" duration-ms="0" status="PASS">
          <reporter-output>
          </reporter-output>
        </test-method> <!-- launchBrowser -->
        <test-method signature="DesigntestCase3()[pri:-2, instance:TestNG.enabled_keyword@5d534f5d]" started-at="2024-04-25T21:35:04 IST" name="DesigntestCase3" finished-at="2024-04-25T21:35:04 IST" duration-ms="2" status="PASS">
          <reporter-output>
          </reporter-output>
        </test-method> <!-- DesigntestCase3 -->
        <test-method is-config="true" signature="afterMethod()[pri:0, instance:TestNG.enabled_keyword@5d534f5d]" started-at="2024-04-25T21:35:04 IST" name="afterMethod" finished-at="2024-04-25T21:35:04 IST" duration-ms="0" status="PASS">
          <reporter-output>
          </reporter-output>
        </test-method> <!-- afterMethod -->
        <test-method is-config="true" signature="beforeMethod()[pri:0, instance:TestNG.enabled_keyword@5d534f5d]" started-at="2024-04-25T21:35:04 IST" name="beforeMethod" finished-at="2024-04-25T21:35:04 IST" duration-ms="1" status="PASS">
          <reporter-output>
          </reporter-output>
        </test-method> <!-- beforeMethod -->
        <test-method signature="DesigntestCase0()[pri:0, instance:TestNG.enabled_keyword@5d534f5d]" started-at="2024-04-25T21:35:04 IST" name="DesigntestCase0" finished-at="2024-04-25T21:35:04 IST" duration-ms="1" status="PASS">
          <reporter-output>
          </reporter-output>
        </test-method> <!-- DesigntestCase0 -->
        <test-method is-config="true" signature="afterMethod()[pri:0, instance:TestNG.enabled_keyword@5d534f5d]" started-at="2024-04-25T21:35:04 IST" name="afterMethod" finished-at="2024-04-25T21:35:04 IST" duration-ms="0" status="PASS">
          <reporter-output>
          </reporter-output>
        </test-method> <!-- afterMethod -->
        <test-method signature="DesigntestCase2()[pri:2, instance:TestNG.enabled_keyword@5d534f5d]" started-at="2024-04-25T21:35:04 IST" name="DesigntestCase2" finished-at="2024-04-25T21:35:04 IST" duration-ms="5" status="PASS">
          <reporter-output>
          </reporter-output>
        </test-method> <!-- DesigntestCase2 -->
        <test-method is-config="true" signature="beforeMethod()[pri:0, instance:TestNG.enabled_keyword@5d534f5d]" started-at="2024-04-25T21:35:04 IST" name="beforeMethod" finished-at="2024-04-25T21:35:04 IST" duration-ms="0" status="PASS">
          <reporter-output>
          </reporter-output>
        </test-method> <!-- beforeMethod -->
        <test-method is-config="true" signature="afterMethod()[pri:0, instance:TestNG.enabled_keyword@5d534f5d]" started-at="2024-04-25T21:35:04 IST" name="afterMethod" finished-at="2024-04-25T21:35:04 IST" duration-ms="3" status="PASS">
          <reporter-output>
          </reporter-output>
        </test-method> <!-- afterMethod -->
        <test-method is-config="true" signature="aferClass()[pri:0, instance:TestNG.enabled_keyword@5d534f5d]" started-at="2024-04-25T21:35:04 IST" name="aferClass" finished-at="2024-04-25T21:35:04 IST" duration-ms="0" status="PASS">
          <reporter-output>
          </reporter-output>
        </test-method> <!-- aferClass -->
      </class> <!-- TestNG.enabled_keyword -->
      <class name="TestNG.assertion">
        <test-method is-config="true" signature="launchBrowser()[pri:0, instance:TestNG.assertion@2e3967ea]" started-at="2024-04-25T21:35:04 IST" name="launchBrowser" finished-at="2024-04-25T21:35:04 IST" duration-ms="0" status="PASS">
          <reporter-output>
          </reporter-output>
        </test-method> <!-- launchBrowser -->
        <test-method is-config="true" signature="beforeMethod()[pri:0, instance:TestNG.assertion@2e3967ea]" started-at="2024-04-25T21:35:04 IST" name="beforeMethod" finished-at="2024-04-25T21:35:04 IST" duration-ms="1" status="PASS">
          <reporter-output>
          </reporter-output>
        </test-method> <!-- beforeMethod -->
        <test-method signature="test1()[pri:1, instance:TestNG.assertion@2e3967ea]" started-at="2024-04-25T21:35:04 IST" name="test1" finished-at="2024-04-25T21:35:04 IST" duration-ms="2" status="PASS">
          <reporter-output>
          </reporter-output>
        </test-method> <!-- test1 -->
      </class> <!-- TestNG.assertion -->
      <class name="TestNG.timeOut_keyword">
        <test-method is-config="true" signature="launchBrowser()[pri:0, instance:TestNG.timeOut_keyword@70e9c95d]" started-at="2024-04-25T21:35:04 IST" name="launchBrowser" finished-at="2024-04-25T21:35:04 IST" duration-ms="0" status="PASS">
          <reporter-output>
          </reporter-output>
        </test-method> <!-- launchBrowser -->
        <test-method is-config="true" signature="beforeMethod()[pri:0, instance:TestNG.timeOut_keyword@70e9c95d]" started-at="2024-04-25T21:35:04 IST" name="beforeMethod" finished-at="2024-04-25T21:35:04 IST" duration-ms="1" status="PASS">
          <reporter-output>
          </reporter-output>
        </test-method> <!-- beforeMethod -->
        <test-method signature="DesigntestCase3()[pri:-2, instance:TestNG.timeOut_keyword@70e9c95d]" started-at="2024-04-25T21:35:04 IST" name="DesigntestCase3" finished-at="2024-04-25T21:35:04 IST" duration-ms="4" status="PASS">
          <reporter-output>
          </reporter-output>
        </test-method> <!-- DesigntestCase3 -->
        <test-method is-config="true" signature="afterMethod()[pri:0, instance:TestNG.timeOut_keyword@70e9c95d]" started-at="2024-04-25T21:35:04 IST" name="afterMethod" finished-at="2024-04-25T21:35:04 IST" duration-ms="1" status="PASS">
          <reporter-output>
          </reporter-output>
        </test-method> <!-- afterMethod -->
        <test-method is-config="true" signature="beforeMethod()[pri:0, instance:TestNG.timeOut_keyword@70e9c95d]" started-at="2024-04-25T21:35:04 IST" name="beforeMethod" finished-at="2024-04-25T21:35:04 IST" duration-ms="0" status="PASS">
          <reporter-output>
          </reporter-output>
        </test-method> <!-- beforeMethod -->
        <test-method signature="DesigntestCase0()[pri:0, instance:TestNG.timeOut_keyword@70e9c95d]" started-at="2024-04-25T21:35:04 IST" name="DesigntestCase0" finished-at="2024-04-25T21:35:04 IST" duration-ms="2" status="PASS">
          <reporter-output>
          </reporter-output>
        </test-method> <!-- DesigntestCase0 -->
        <test-method is-config="true" signature="afterMethod()[pri:0, instance:TestNG.timeOut_keyword@70e9c95d]" started-at="2024-04-25T21:35:04 IST" name="afterMethod" finished-at="2024-04-25T21:35:04 IST" duration-ms="1" status="PASS">
          <reporter-output>
          </reporter-output>
        </test-method> <!-- afterMethod -->
        <test-method is-config="true" signature="beforeMethod()[pri:0, instance:TestNG.timeOut_keyword@70e9c95d]" started-at="2024-04-25T21:35:04 IST" name="beforeMethod" finished-at="2024-04-25T21:35:04 IST" duration-ms="1" status="PASS">
          <reporter-output>
          </reporter-output>
        </test-method> <!-- beforeMethod -->
        <test-method signature="DesigntestCase2()[pri:2, instance:TestNG.timeOut_keyword@70e9c95d]" started-at="2024-04-25T21:35:04 IST" name="DesigntestCase2" finished-at="2024-04-25T21:35:04 IST" duration-ms="14" status="PASS">
          <reporter-output>
          </reporter-output>
        </test-method> <!-- DesigntestCase2 -->
        <test-method is-config="true" signature="afterMethod()[pri:0, instance:TestNG.timeOut_keyword@70e9c95d]" started-at="2024-04-25T21:35:04 IST" name="afterMethod" finished-at="2024-04-25T21:35:04 IST" duration-ms="0" status="PASS">
          <reporter-output>
          </reporter-output>
        </test-method> <!-- afterMethod -->
        <test-method is-config="true" signature="aferClass()[pri:0, instance:TestNG.timeOut_keyword@70e9c95d]" started-at="2024-04-25T21:35:04 IST" name="aferClass" finished-at="2024-04-25T21:35:04 IST" duration-ms="1" status="PASS">
          <reporter-output>
          </reporter-output>
        </test-method> <!-- aferClass -->
      </class> <!-- TestNG.timeOut_keyword -->
      <class name="TestNG.invocationCount_Keyword">
        <test-method is-config="true" signature="launchBrowser()[pri:0, instance:TestNG.invocationCount_Keyword@576d5deb]" started-at="2024-04-25T21:35:04 IST" name="launchBrowser" finished-at="2024-04-25T21:35:04 IST" duration-ms="7" status="PASS">
          <reporter-output>
          </reporter-output>
        </test-method> <!-- launchBrowser -->
        <test-method signature="DesigntestCase3()[pri:-2, instance:TestNG.invocationCount_Keyword@576d5deb]" started-at="2024-04-25T21:35:04 IST" name="DesigntestCase3" finished-at="2024-04-25T21:35:04 IST" duration-ms="7" status="PASS">
          <reporter-output>
          </reporter-output>
        </test-method> <!-- DesigntestCase3 -->
        <test-method is-config="true" signature="beforeMethod()[pri:0, instance:TestNG.invocationCount_Keyword@576d5deb]" started-at="2024-04-25T21:35:04 IST" name="beforeMethod" finished-at="2024-04-25T21:35:04 IST" duration-ms="0" status="PASS">
          <reporter-output>
          </reporter-output>
        </test-method> <!-- beforeMethod -->
        <test-method is-config="true" signature="afterMethod()[pri:0, instance:TestNG.invocationCount_Keyword@576d5deb]" started-at="2024-04-25T21:35:04 IST" name="afterMethod" finished-at="2024-04-25T21:35:04 IST" duration-ms="0" status="PASS">
          <reporter-output>
          </reporter-output>
        </test-method> <!-- afterMethod -->
        <test-method is-config="true" signature="beforeMethod()[pri:0, instance:TestNG.invocationCount_Keyword@576d5deb]" started-at="2024-04-25T21:35:04 IST" name="beforeMethod" finished-at="2024-04-25T21:35:04 IST" duration-ms="1" status="PASS">
          <reporter-output>
          </reporter-output>
        </test-method> <!-- beforeMethod -->
        <test-method signature="DesigntestCase0()[pri:0, instance:TestNG.invocationCount_Keyword@576d5deb]" started-at="2024-04-25T21:35:04 IST" name="DesigntestCase0" finished-at="2024-04-25T21:35:04 IST" duration-ms="2" status="PASS">
          <reporter-output>
          </reporter-output>
        </test-method> <!-- DesigntestCase0 -->
        <test-method is-config="true" signature="afterMethod()[pri:0, instance:TestNG.invocationCount_Keyword@576d5deb]" started-at="2024-04-25T21:35:04 IST" name="afterMethod" finished-at="2024-04-25T21:35:04 IST" duration-ms="2" status="PASS">
          <reporter-output>
          </reporter-output>
        </test-method> <!-- afterMethod -->
        <test-method is-config="true" signature="beforeMethod()[pri:0, instance:TestNG.invocationCount_Keyword@576d5deb]" started-at="2024-04-25T21:35:04 IST" name="beforeMethod" finished-at="2024-04-25T21:35:04 IST" duration-ms="1" status="PASS">
          <reporter-output>
          </reporter-output>
        </test-method> <!-- beforeMethod -->
        <test-method signature="DesigntestCase1()[pri:1, instance:TestNG.invocationCount_Keyword@576d5deb]" started-at="2024-04-25T21:35:04 IST" name="DesigntestCase1" finished-at="2024-04-25T21:35:04 IST" duration-ms="2" status="PASS">
          <reporter-output>
          </reporter-output>
        </test-method> <!-- DesigntestCase1 -->
        <test-method is-config="true" signature="afterMethod()[pri:0, instance:TestNG.invocationCount_Keyword@576d5deb]" started-at="2024-04-25T21:35:04 IST" name="afterMethod" finished-at="2024-04-25T21:35:04 IST" duration-ms="1" status="PASS">
          <reporter-output>
          </reporter-output>
        </test-method> <!-- afterMethod -->
        <test-method is-config="true" signature="beforeMethod()[pri:0, instance:TestNG.invocationCount_Keyword@576d5deb]" started-at="2024-04-25T21:35:04 IST" name="beforeMethod" finished-at="2024-04-25T21:35:04 IST" duration-ms="6" status="PASS">
          <reporter-output>
          </reporter-output>
        </test-method> <!-- beforeMethod -->
        <test-method signature="DesigntestCase1()[pri:1, instance:TestNG.invocationCount_Keyword@576d5deb]" started-at="2024-04-25T21:35:04 IST" name="DesigntestCase1" finished-at="2024-04-25T21:35:04 IST" duration-ms="14" status="PASS">
          <reporter-output>
          </reporter-output>
        </test-method> <!-- DesigntestCase1 -->
        <test-method is-config="true" signature="afterMethod()[pri:0, instance:TestNG.invocationCount_Keyword@576d5deb]" started-at="2024-04-25T21:35:04 IST" name="afterMethod" finished-at="2024-04-25T21:35:04 IST" duration-ms="0" status="PASS">
          <reporter-output>
          </reporter-output>
        </test-method> <!-- afterMethod -->
        <test-method is-config="true" signature="beforeMethod()[pri:0, instance:TestNG.invocationCount_Keyword@576d5deb]" started-at="2024-04-25T21:35:04 IST" name="beforeMethod" finished-at="2024-04-25T21:35:04 IST" duration-ms="1" status="PASS">
          <reporter-output>
          </reporter-output>
        </test-method> <!-- beforeMethod -->
        <test-method signature="DesigntestCase1()[pri:1, instance:TestNG.invocationCount_Keyword@576d5deb]" started-at="2024-04-25T21:35:04 IST" name="DesigntestCase1" finished-at="2024-04-25T21:35:04 IST" duration-ms="2" status="PASS">
          <reporter-output>
          </reporter-output>
        </test-method> <!-- DesigntestCase1 -->
        <test-method is-config="true" signature="afterMethod()[pri:0, instance:TestNG.invocationCount_Keyword@576d5deb]" started-at="2024-04-25T21:35:04 IST" name="afterMethod" finished-at="2024-04-25T21:35:04 IST" duration-ms="0" status="PASS">
          <reporter-output>
          </reporter-output>
        </test-method> <!-- afterMethod -->
        <test-method is-config="true" signature="beforeMethod()[pri:0, instance:TestNG.invocationCount_Keyword@576d5deb]" started-at="2024-04-25T21:35:04 IST" name="beforeMethod" finished-at="2024-04-25T21:35:04 IST" duration-ms="0" status="PASS">
          <reporter-output>
          </reporter-output>
        </test-method> <!-- beforeMethod -->
        <test-method signature="DesigntestCase2()[pri:2, instance:TestNG.invocationCount_Keyword@576d5deb]" started-at="2024-04-25T21:35:04 IST" name="DesigntestCase2" finished-at="2024-04-25T21:35:04 IST" duration-ms="2" status="PASS">
          <reporter-output>
          </reporter-output>
        </test-method> <!-- DesigntestCase2 -->
        <test-method is-config="true" signature="afterMethod()[pri:0, instance:TestNG.invocationCount_Keyword@576d5deb]" started-at="2024-04-25T21:35:04 IST" name="afterMethod" finished-at="2024-04-25T21:35:04 IST" duration-ms="0" status="PASS">
          <reporter-output>
          </reporter-output>
        </test-method> <!-- afterMethod -->
        <test-method is-config="true" signature="aferClass()[pri:0, instance:TestNG.invocationCount_Keyword@576d5deb]" started-at="2024-04-25T21:35:04 IST" name="aferClass" finished-at="2024-04-25T21:35:04 IST" duration-ms="0" status="PASS">
          <reporter-output>
          </reporter-output>
        </test-method> <!-- aferClass -->
      </class> <!-- TestNG.invocationCount_Keyword -->
    </test> <!-- FirefoxTest -->
  </suite> <!-- regressionsuit -->
</testng-results>
